
                           Design Compiler Graphical 
                                 DC Ultra (TM)
                                  DFTMAX (TM)
                              Power Compiler (TM)
                                 DesignWare (R)
                                 DC Expert (TM)
                               Design Vision (TM)
                               HDL Compiler (TM)
                               VHDL Compiler (TM)
                                  DFT Compiler
                               Design Compiler(R)

               Version R-2020.09-SP5 for linux64 - Apr 23, 2021 

                    Copyright (c) 1988 - 2021 Synopsys, Inc.
   This software and the associated documentation are proprietary to Synopsys,
 Inc. This software may only be used in accordance with the terms and conditions
 of a written license agreement with Synopsys, Inc. All other use, reproduction,
   or distribution of this software is strictly prohibited.  Licensed Products
     communicate with Synopsys servers for the purpose of providing software
    updates, detecting software piracy and verifying that customers are using
    Licensed Products in conformity with the applicable License Key for such
  Licensed Products. Synopsys will use information gathered in connection with
    this process to deliver software updates and pursue software pirates and
                                   infringers.

 Inclusivity & Diversity - Visit SolvNetPlus to read the "Synopsys Statement on
            Inclusivity and Diversity" (Refer to article 000036315 at
                        https://solvnetplus.synopsys.com)
Initializing...
Initializing gui preferences from file  /home/m111/m111063548/.synopsys_dc_gui/preferences.tcl
set ref_cycle  10
10
#/*--------------------------------------------------------------*/
#/*----------------------- 1.Read files -------------------------*/
#/*--------------------------------------------------------------*/
read_file -format verilog ./BIST_March.v
Loading db file '/home/m110/m110061576/process/CBDK_TSMC90GUTM_Arm_f1.0/orig_lib/aci/sc-x/synopsys/slow.db'
Loading db file '/home/m110/m110061576/process/CBDK_TSMC90GUTM_Arm_f1.0/orig_lib/aci/sc-x/synopsys/fast.db'
Loading db file '/home/m110/m110061576/process/CBDK_TSMC90GUTM_Arm_f1.0/orig_lib/aci/sc-x/synopsys/typical.db'
Loading db file '/usr/cad/synopsys/synthesis/cur/libraries/syn/dw_foundation.sldb'
Loading db file '/usr/cad/synopsys/synthesis/cur/libraries/syn/gtech.db'
Loading db file '/usr/cad/synopsys/synthesis/cur/libraries/syn/standard.sldb'
  Loading link library 'slow'
  Loading link library 'fast'
  Loading link library 'typical'
  Loading link library 'gtech'
Loading verilog file '/home/m111/m111063548/VLSI_TEST/LAB3/BIST/test/algo_March/BIST_March.v'
Detecting input file type automatically (-rtl or -netlist).
Opening include file March.v
Opening include file Comparator.v
Opening include file Delay_data.v
Opening include file Delay_addr.v
Opening include file Delay_we_n.v
Opening include file MUX_addr.v
Opening include file MUX_data.v
Opening include file MUX_we_n.v
Opening include file MUX_cs_n.v
Opening include file SRAM.v
Reading with Presto HDL Compiler (equivalent to -rtl option).
Running PRESTO HDLC
Compiling source file /home/m111/m111063548/VLSI_TEST/LAB3/BIST/test/algo_March/BIST_March.v
Opening include file March.v
Opening include file Comparator.v
Opening include file Delay_data.v
Opening include file Delay_addr.v
Opening include file Delay_we_n.v
Opening include file MUX_addr.v
Opening include file MUX_data.v
Opening include file MUX_we_n.v
Opening include file MUX_cs_n.v
Opening include file SRAM.v

Statistics for case statements in always block at line 48 in file
	'March.v'
===============================================
|           Line           |  full/ parallel  |
===============================================
|            50            |    auto/auto     |
===============================================

Inferred memory devices in process
	in routine March line 43 in file
		'March.v'.
===============================================================================
|    Register Name    |   Type    | Width | Bus | MB | AR | AS | SR | SS | ST |
===============================================================================
|     c_state_reg     | Flip-flop |   4   |  Y  | N  | N  | N  | N  | N  | N  |
===============================================================================

Inferred memory devices in process
	in routine March line 94 in file
		'March.v'.
===============================================================================
|    Register Name    |   Type    | Width | Bus | MB | AR | AS | SR | SS | ST |
===============================================================================
|     counter_reg     | Flip-flop |   7   |  Y  | N  | N  | N  | N  | N  | N  |
===============================================================================

Inferred memory devices in process
	in routine March line 104 in file
		'March.v'.
===============================================================================
|    Register Name    |   Type    | Width | Bus | MB | AR | AS | SR | SS | ST |
===============================================================================
| march_data_out_reg  | Flip-flop |   2   |  Y  | N  | N  | N  | N  | N  | N  |
===============================================================================

Inferred memory devices in process
	in routine March line 124 in file
		'March.v'.
===============================================================================
|    Register Name    |   Type    | Width | Bus | MB | AR | AS | SR | SS | ST |
===============================================================================
|      we_n_reg       | Flip-flop |   1   |  N  | N  | N  | N  | N  | N  | N  |
===============================================================================
Warning:  Comparator.v:14: signed to unsigned assignment occurs. (VER-318)

Inferred memory devices in process
	in routine Delay_data line 13 in file
		'Delay_data.v'.
===============================================================================
|    Register Name    |   Type    | Width | Bus | MB | AR | AS | SR | SS | ST |
===============================================================================
| delay_data_out_reg  | Flip-flop |   2   |  Y  | N  | N  | N  | N  | N  | N  |
===============================================================================

Inferred memory devices in process
	in routine Delay_addr line 13 in file
		'Delay_addr.v'.
===============================================================================
|    Register Name    |   Type    | Width | Bus | MB | AR | AS | SR | SS | ST |
===============================================================================
| delay_addr_out_reg  | Flip-flop |   4   |  Y  | N  | N  | N  | N  | N  | N  |
===============================================================================

Inferred memory devices in process
	in routine Delay_we_n line 13 in file
		'Delay_we_n.v'.
===============================================================================
|    Register Name    |   Type    | Width | Bus | MB | AR | AS | SR | SS | ST |
===============================================================================
|  delay_we_out_reg   | Flip-flop |   1   |  N  | N  | N  | N  | N  | N  | N  |
===============================================================================

Statistics for case statements in always block at line 29 in file
	'SRAM.v'
===============================================
|           Line           |  full/ parallel  |
===============================================
|            39            |    auto/auto     |
===============================================

Inferred memory devices in process
	in routine SRAM line 29 in file
		'SRAM.v'.
===============================================================================
|    Register Name    |   Type    | Width | Bus | MB | AR | AS | SR | SS | ST |
===============================================================================
|       mem_reg       | Flip-flop |  32   |  Y  | N  | N  | N  | N  | N  | N  |
===============================================================================

Inferred memory devices in process
	in routine SRAM line 109 in file
		'SRAM.v'.
===============================================================================
|    Register Name    |   Type    | Width | Bus | MB | AR | AS | SR | SS | ST |
===============================================================================
|    data_out_reg     | Flip-flop |   2   |  Y  | N  | N  | N  | N  | N  | N  |
===============================================================================
Statistics for MUX_OPs
======================================================
| block name/line  | Inputs | Outputs | # sel inputs |
======================================================
|     SRAM/111     |   4    |    8    |      2       |
|     SRAM/111     |   8    |    1    |      3       |
======================================================
Presto compilation completed successfully.
Current design is now '/home/m111/m111063548/VLSI_TEST/LAB3/BIST/test/algo_March/March.db:March'
Loaded 11 designs.
Current design is 'March'.
March Comparator Delay_data Delay_addr Delay_we_n MUX_addr MUX_data MUX_we_n MUX_cs_n SRAM BIST_March
# Top module name
current_design [get_designs BIST_March]
Current design is 'BIST_March'.
{BIST_March}
set_operating_conditions slow
Using operating conditions 'slow' found in library 'slow'.
1
#/*--------------------------------------------------------------*/
#/*--------------- 2. Set design constraints --------------------*/ 
#/*--------------------------------------------------------------*/
create_clock -period $ref_cycle [get_ports clk]
1
set_dont_touch_network [get_clocks clk]
1
set_dont_touch_network [get_ports rst]
1
set_drive 1 [all_inputs] 
1
set_load [load_of slow/CLKBUFX20/A] [all_outputs]
1
#/*--------------------------------------------------------------*/
#/*----------------- 3.Check and Link Design --------------------*/ 
#/*--------------------------------------------------------------*/
link 

  Linking design 'BIST_March'
  Using the following designs and libraries:
  --------------------------------------------------------------------------
  * (11 designs)              /home/m111/m111063548/VLSI_TEST/LAB3/BIST/test/algo_March/BIST_March.db, etc
  slow (library)              /home/m110/m110061576/process/CBDK_TSMC90GUTM_Arm_f1.0/orig_lib/aci/sc-x/synopsys/slow.db
  fast (library)              /home/m110/m110061576/process/CBDK_TSMC90GUTM_Arm_f1.0/orig_lib/aci/sc-x/synopsys/fast.db
  typical (library)           /home/m110/m110061576/process/CBDK_TSMC90GUTM_Arm_f1.0/orig_lib/aci/sc-x/synopsys/typical.db
  dw_foundation.sldb (library) /usr/cad/synopsys/synthesis/cur/libraries/syn/dw_foundation.sldb

1
check_design
 
****************************************
check_design summary:
Version:     R-2020.09-SP5
Date:        Thu Jun  1 16:57:26 2023
****************************************

                   Name                                            Total
--------------------------------------------------------------------------------
Inputs/Outputs                                                      1
    Constant outputs (LINT-52)                                      1

Cells                                                               5
    Cells do not drive (LINT-1)                                     5

Nets                                                                4
    Unloaded nets (LINT-2)                                          4
--------------------------------------------------------------------------------

Warning: In design 'March', cell 'B_16' does not drive any nets. (LINT-1)
Warning: In design 'March', cell 'C627' does not drive any nets. (LINT-1)
Warning: In design 'March', cell 'C631' does not drive any nets. (LINT-1)
Warning: In design 'March', cell 'C635' does not drive any nets. (LINT-1)
Warning: In design 'March', cell 'C639' does not drive any nets. (LINT-1)
Warning: In design 'BIST_March', net 'delay_addr_out[0]' driven by pin 'Delay_addr/delay_addr_out[0]' has no loads. (LINT-2)
Warning: In design 'BIST_March', net 'delay_addr_out[1]' driven by pin 'Delay_addr/delay_addr_out[1]' has no loads. (LINT-2)
Warning: In design 'BIST_March', net 'delay_addr_out[2]' driven by pin 'Delay_addr/delay_addr_out[2]' has no loads. (LINT-2)
Warning: In design 'BIST_March', net 'delay_addr_out[3]' driven by pin 'Delay_addr/delay_addr_out[3]' has no loads. (LINT-2)
Warning: In design 'March', output port 'cs_n' is connected directly to 'logic 0'. (LINT-52)
1
uniquify
1
set_fix_multiple_port_nets -all -buffer_constants  
1
#/*--------------------------------------------------------------*/
#/*------------------------ 4.Compile ---------------------------*/ 
#/*--------------------------------------------------------------*/
set compile_new_boolean_structure 
set_structure false 
1
compile  -map_effort medium 
Information: Checking out the license 'DesignWare'. (SEC-104)
Information: Evaluating DesignWare library utilization. (UISN-27)

============================================================================
| DesignWare Building Block Library  |         Version         | Available |
============================================================================
| Basic DW Building Blocks           | R-2020.09-DWBB_202009.5 |     *     |
| Licensed DW Building Blocks        | R-2020.09-DWBB_202009.5 |     *     |
============================================================================


Information: There are 10 potential problems in your design. Please run 'check_design' for more information. (LINT-99)


Warning: Operating condition slow set on design BIST_March has different process,
voltage and temperatures parameters than the parameters at which target library 
fast is characterized. Delays may be inaccurate as a result. (OPT-998)

  Beginning Pass 1 Mapping
  ------------------------
  Processing 'Comparator'
Information: Added key list 'DesignWare' to design 'Comparator'. (DDB-72)
  Processing 'Delay_we_n'
  Processing 'Delay_addr'
  Processing 'Delay_data'
  Processing 'SRAM'
  Processing 'MUX_cs_n'
  Processing 'MUX_we_n'
  Processing 'MUX_addr'
  Processing 'MUX_data'
  Processing 'March'
Information: Added key list 'DesignWare' to design 'March'. (DDB-72)
  Processing 'BIST_March'

  Updating timing information
Information: Updating design information... (UID-85)

  Beginning Implementation Selection
  ----------------------------------
  Mapping 'March_DW_cmp_0'
  Processing 'March_DW01_inc_0'

  Beginning Mapping Optimizations  (Medium effort)
  -------------------------------
Loading db file '/home/m110/m110061576/process/CBDK_TSMC90GUTM_Arm_f1.0/orig_lib/aci/sc-x/synopsys/fast.db'
Loading db file '/home/m110/m110061576/process/CBDK_TSMC90GUTM_Arm_f1.0/orig_lib/aci/sc-x/synopsys/typical.db'
  Mapping Optimization (Phase 1)

                                  TOTAL                                      
   ELAPSED            WORST NEG   SETUP    DESIGN                            
    TIME      AREA      SLACK     COST    RULE COST         ENDPOINT         
  --------- --------- --------- --------- --------- -------------------------
    0:00:06    3242.9      0.00       0.0       0.0                          
    0:00:06    3242.9      0.00       0.0       0.0                          
    0:00:06    3242.9      0.00       0.0       0.0                          
    0:00:06    3242.9      0.00       0.0       0.0                          
    0:00:06    3242.9      0.00       0.0       0.0                          
    0:00:06    1646.9      0.00       0.0       0.0                          
    0:00:06    1644.8      0.00       0.0       0.0                          
    0:00:06    1644.8      0.00       0.0       0.0                          
    0:00:06    1644.8      0.00       0.0       0.0                          
    0:00:06    1644.8      0.00       0.0       0.0                          
    0:00:06    1644.8      0.00       0.0       0.0                          
    0:00:06    1644.8      0.00       0.0       0.0                          
    0:00:06    1644.8      0.00       0.0       0.0                          
    0:00:06    1644.8      0.00       0.0       0.0                          



  Beginning Delay Optimization Phase
  ----------------------------------

                                  TOTAL                                      
   ELAPSED            WORST NEG   SETUP    DESIGN                            
    TIME      AREA      SLACK     COST    RULE COST         ENDPOINT         
  --------- --------- --------- --------- --------- -------------------------
    0:00:06    1644.8      0.00       0.0       0.0                          
    0:00:06    1644.8      0.00       0.0       0.0                          
    0:00:07    1644.8      0.00       0.0       0.0                          


  Beginning Area-Recovery Phase  (cleanup)
  -----------------------------

                                  TOTAL                                      
   ELAPSED            WORST NEG   SETUP    DESIGN                            
    TIME      AREA      SLACK     COST    RULE COST         ENDPOINT         
  --------- --------- --------- --------- --------- -------------------------
    0:00:07    1644.8      0.00       0.0       0.0                          
    0:00:07    1644.8      0.00       0.0       0.0                          
    0:00:07    1642.6      0.00       0.0       0.0                          
    0:00:07    1642.6      0.00       0.0       0.0                          
    0:00:07    1642.6      0.00       0.0       0.0                          
    0:00:07    1642.6      0.00       0.0       0.0                          
    0:00:07    1642.6      0.00       0.0       0.0                          
    0:00:07    1642.6      0.00       0.0       0.0                          
    0:00:07    1642.6      0.00       0.0       0.0                          
    0:00:07    1642.6      0.00       0.0       0.0                          
    0:00:07    1642.6      0.00       0.0       0.0                          
    0:00:07    1642.6      0.00       0.0       0.0                          
    0:00:07    1644.8      0.00       0.0       0.0                          
Loading db file '/home/m110/m110061576/process/CBDK_TSMC90GUTM_Arm_f1.0/orig_lib/aci/sc-x/synopsys/slow.db'


Note: Symbol # after min delay cost means estimated hold TNS across all active scenarios 


  Optimization Complete
  ---------------------
1
check_design 
 
****************************************
check_design summary:
Version:     R-2020.09-SP5
Date:        Thu Jun  1 16:57:35 2023
****************************************

                   Name                                            Total
--------------------------------------------------------------------------------
Cells                                                               2
    Cells do not drive (LINT-1)                                     1
    Connected to power or ground (LINT-32)                          1
--------------------------------------------------------------------------------

Warning: In design 'BIST_March', cell 'Delay_addr' does not drive any nets. (LINT-1)
Warning: In design 'BIST_March', a pin on submodule 'MUX_cs_n' is connected to logic 1 or logic 0. (LINT-32)
   Pin 'bist_cs_n' is connected to logic 0. 
1
set bus_inference_style {%s[%d]}
%s[%d]
set bus_naming_style {%s[%d]}
%s[%d]
set hdlout_internal_busses true
true
change_names -hierarchy -rule verilog
1
define_name_rules name_rule -allowed {a-z A-Z 0-9 _} -max_length 255 -type cell
1
define_name_rules name_rule -allowed {a-z A-Z 0-9 _[]} -max_length 255 -type net
1
define_name_rules name_rule -map {{"\*cell\*" "cell"}}
1
define_name_rules name_rule -map {{"*-return", "myreturn"}}
1
define_name_rules name_rule -case_insensitive
1
change_names -hierarchy -rules name_rule
1
set verilogout_show_unconnected_pins true  
true
#/*--------------------------------------------------------------*/ 
#/*----------------------- 5.Write out files --------------------*/ 
#/*--------------------------------------------------------------*/
report_area > ./BIST_SRAM_syn.report
report_timing -path full -delay max >> ./BIST_SRAM_syn.report
report_power >> ./BIST_SRAM_syn.report
write -format verilog -hierarchy -output ./BIST_SRAM_syn.v
Writing verilog file '/home/m111/m111063548/VLSI_TEST/LAB3/BIST/test/algo_March/BIST_SRAM_syn.v'.
1
write -format verilog -hierarchy -output ./BIST_SRAM_syn.v
Writing verilog file '/home/m111/m111063548/VLSI_TEST/LAB3/BIST/test/algo_March/BIST_SRAM_syn.v'.
1
write_sdf -version 1.0 -context verilog -load_delay cell ./BIST_SRAM_syn.sdf 
Information: Writing timing information to file '/home/m111/m111063548/VLSI_TEST/LAB3/BIST/test/algo_March/BIST_SRAM_syn.sdf'. (WT-3)
1
write_sdc ./BIST_SRAM_syn.sdc 
1
exit

Memory usage for this session 244 Mbytes.
Memory usage for this session including child processes 244 Mbytes.
CPU usage for this session 17 seconds ( 0.00 hours ).
Elapsed time for this session 22 seconds ( 0.01 hours ).

Thank you...
